<?xml version="1.0" encoding="UTF-8"?>
<!-- Generated by org.testng.reporters.JUnitReportReporter -->
<testsuite hostname="MSI" failures="0" tests="1" name="PracticeProjectAxis.Project.Login" time="7.854" errors="0" timestamp="2024-03-01T16:43:37 IST" skipped="0">
  <testcase classname="PracticeProjectAxis.Project.Login" name="Log" time="7.854"/>
  <system-out/>
</testsuite> <!-- PracticeProjectAxis.Project.Login -->
