<?xml version="1.0" encoding="UTF-8"?>
<!-- Generated by org.testng.reporters.JUnitReportReporter -->
<testsuite hostname="MSI" failures="0" tests="2" name="PracticeProjectAxis.Project.Jobimmiglogin" time="16.340" errors="0" timestamp="2024-02-29T12:52:35 IST" skipped="0">
  <testcase classname="PracticeProjectAxis.Project.Jobimmiglogin" name="hrmlogin" time="9.810"/>
  <system-out/>
  <testcase classname="PracticeProjectAxis.Project.Jobimmiglogin" name="loginTest" time="6.530"/>
  <system-out/>
</testsuite> <!-- PracticeProjectAxis.Project.Jobimmiglogin -->
