<?xml version="1.0" encoding="UTF-8"?>
<!-- Generated by org.testng.reporters.JUnitReportReporter -->
<testsuite hostname="MSI" failures="0" tests="1" name="PracticeProjectAxis.Project.NavigateImmig" time="10.121" errors="0" timestamp="2024-03-01T16:45:55 IST" skipped="0">
  <testcase classname="PracticeProjectAxis.Project.NavigateImmig" name="Log" time="10.121"/>
  <system-out/>
</testsuite> <!-- PracticeProjectAxis.Project.NavigateImmig -->
