<?xml version="1.0" encoding="UTF-8"?>
<!-- Generated by org.testng.reporters.JUnitReportReporter -->
<testsuite hostname="MSI" failures="0" tests="1" name="PracticeProjectAxis.Project.Job" time="9.331" errors="0" timestamp="2024-03-01T16:54:18 IST" skipped="0">
  <testcase classname="PracticeProjectAxis.Project.Job" name="Log" time="9.331"/>
  <system-out/>
</testsuite> <!-- PracticeProjectAxis.Project.Job -->
