<?xml version="1.0" encoding="UTF-8"?>
<!-- Generated by org.testng.reporters.JUnitReportReporter -->
<testsuite hostname="MSI" failures="0" tests="1" name="PracticeProjectAxis.Project.AddAttachments" time="9.941" errors="0" timestamp="2024-03-01T16:50:19 IST" skipped="0">
  <testcase classname="PracticeProjectAxis.Project.AddAttachments" name="Log" time="9.941"/>
  <system-out/>
</testsuite> <!-- PracticeProjectAxis.Project.AddAttachments -->
